[0802/013911.502:ERROR:process_reader_win.cc(151)] SuspendThread: Access is denied. (0x5)
[0802/013911.552:ERROR:process_reader_win.cc(151)] SuspendThread: Access is denied. (0x5)
[0802/013911.577:ERROR:process_reader_win.cc(151)] SuspendThread: Access is denied. (0x5)
[0802/013911.577:ERROR:process_reader_win.cc(151)] SuspendThread: Access is denied. (0x5)
[0802/013911.577:ERROR:process_reader_win.cc(151)] SuspendThread: Access is denied. (0x5)
[0802/013911.577:ERROR:process_reader_win.cc(151)] SuspendThread: Access is denied. (0x5)
[0802/013911.577:ERROR:process_reader_win.cc(151)] SuspendThread: Access is denied. (0x5)
[0802/013911.578:ERROR:process_reader_win.cc(151)] SuspendThread: Access is denied. (0x5)
[0802/013911.578:ERROR:process_reader_win.cc(151)] SuspendThread: Access is denied. (0x5)
[0802/013911.578:ERROR:process_reader_win.cc(151)] SuspendThread: Access is denied. (0x5)
[0802/013911.578:ERROR:process_reader_win.cc(151)] SuspendThread: Access is denied. (0x5)
[0802/013911.578:ERROR:process_reader_win.cc(151)] SuspendThread: Access is denied. (0x5)
[0802/013911.578:ERROR:process_reader_win.cc(151)] SuspendThread: Access is denied. (0x5)
[0802/013911.578:ERROR:process_reader_win.cc(151)] SuspendThread: Access is denied. (0x5)
[0802/013911.578:ERROR:process_reader_win.cc(151)] SuspendThread: Access is denied. (0x5)
[0802/013911.578:ERROR:process_reader_win.cc(151)] SuspendThread: Access is denied. (0x5)
[0802/013911.578:ERROR:process_reader_win.cc(151)] SuspendThread: Access is denied. (0x5)
[0802/013911.578:ERROR:process_reader_win.cc(151)] SuspendThread: Access is denied. (0x5)
[0802/013911.578:ERROR:process_reader_win.cc(151)] SuspendThread: Access is denied. (0x5)
[0802/013911.578:ERROR:process_reader_win.cc(151)] SuspendThread: Access is denied. (0x5)
[0802/013911.578:ERROR:process_reader_win.cc(151)] SuspendThread: Access is denied. (0x5)
[0802/013911.578:ERROR:process_reader_win.cc(151)] SuspendThread: Access is denied. (0x5)
[0802/013911.578:ERROR:process_reader_win.cc(151)] SuspendThread: Access is denied. (0x5)
[0802/013911.578:ERROR:process_reader_win.cc(151)] SuspendThread: Access is denied. (0x5)
[0802/013911.578:ERROR:process_reader_win.cc(151)] SuspendThread: Access is denied. (0x5)
[0802/013911.578:ERROR:process_reader_win.cc(151)] SuspendThread: Access is denied. (0x5)
[0802/013911.578:ERROR:process_reader_win.cc(151)] SuspendThread: Access is denied. (0x5)
[0802/013911.578:ERROR:process_reader_win.cc(151)] SuspendThread: Access is denied. (0x5)
[0802/013911.578:ERROR:process_reader_win.cc(151)] SuspendThread: Access is denied. (0x5)
[0802/013911.578:ERROR:process_reader_win.cc(123)] NtOpenThread: An invalid Client ID was specified. (0xc000000b)
[0802/013911.578:ERROR:process_reader_win.cc(123)] NtOpenThread: {Access Denied} A process has requested access to an object, but has not been granted those access rights. (0xc0000022)
[0802/013911.578:ERROR:exception_snapshot_win.cc(98)] thread ID 13816 not found in process
[0802/013911.579:ERROR:exception_snapshot_win.cc(98)] thread ID 19052 not found in process
[0802/013911.579:ERROR:scoped_process_suspend.cc(40)] NtResumeProcess: An attempt was made to access an exiting process. (0xc000010a)
[0802/013911.579:ERROR:process_reader_win.cc(123)] NtOpenThread: {Access Denied} A process has requested access to an object, but has not been granted those access rights. (0xc0000022)
[0802/013911.579:ERROR:exception_snapshot_win.cc(98)] thread ID 12748 not found in process
[0802/013911.596:ERROR:process_info.cc(329)] VirtualQueryEx: Access is denied. (0x5)
[0802/013911.596:ERROR:process_info.cc(556)] ReadMemoryInfo failed
[0802/013911.596:ERROR:process_memory_win.cc(39)] Failed to initialize ProcessInfo.
[0802/013911.596:ERROR:scoped_process_suspend.cc(40)] NtResumeProcess: An attempt was made to access an exiting process. (0xc000010a)
